# JRE version: Java(TM) SE Runtime Environment (8.0_131-b11) (build 1.8.0_131-b11)
# Java VM: Java HotSpot(TM) 64-Bit Server VM (25.131-b11 mixed mode windows-amd64 compressed oops)
Heap:
 PSYoungGen      total 38400K, used 19498K [0x00000000d5d00000, 0x00000000d9000000, 0x0000000100000000)
  eden space 33280K, 43% used [0x00000000d5d00000,0x00000000d6b0bf20,0x00000000d7d80000)
  from space 5120K, 99% used [0x00000000d8280000,0x00000000d877e8e0,0x00000000d8780000)
  to   space 5120K, 0% used [0x00000000d7d80000,0x00000000d7d80000,0x00000000d8280000)
 ParOldGen       total 62464K, used 5244K [0x0000000081600000, 0x0000000085300000, 0x00000000d5d00000)
  object space 62464K, 8% used [0x0000000081600000,0x0000000081b1f270,0x0000000085300000)
 Metaspace       used 14369K, capacity 14662K, committed 14976K, reserved 1064960K
  class space    used 1706K, capacity 1807K, committed 1920K, reserved 1048576K
GC Heap History (6 events):
Event: 0.565 GC heap before
{Heap before GC invocations=1 (full 0):
 PSYoungGen      total 38400K, used 10057K [0x00000000d5d00000, 0x00000000d8780000, 0x0000000100000000)
  eden space 33280K, 30% used [0x00000000d5d00000,0x00000000d66d2568,0x00000000d7d80000)
  from space 5120K, 0% used [0x00000000d8280000,0x00000000d8280000,0x00000000d8780000)
  to   space 5120K, 0% used [0x00000000d7d80000,0x00000000d7d80000,0x00000000d8280000)
 ParOldGen       total 87552K, used 0K [0x0000000081600000, 0x0000000086b80000, 0x00000000d5d00000)
  object space 87552K, 0% used [0x0000000081600000,0x0000000081600000,0x0000000086b80000)
 Metaspace       used 5920K, capacity 6510K, committed 6656K, reserved 1060864K
  class space    used 601K, capacity 669K, committed 768K, reserved 1048576K
Event: 0.569 GC heap after
Heap after GC invocations=1 (full 0):
 PSYoungGen      total 38400K, used 2319K [0x00000000d5d00000, 0x00000000d8780000, 0x0000000100000000)
  eden space 33280K, 0% used [0x00000000d5d00000,0x00000000d5d00000,0x00000000d7d80000)
  from space 5120K, 45% used [0x00000000d7d80000,0x00000000d7fc3e50,0x00000000d8280000)
  to   space 5120K, 0% used [0x00000000d8280000,0x00000000d8280000,0x00000000d8780000)
 ParOldGen       total 87552K, used 8K [0x0000000081600000, 0x0000000086b80000, 0x00000000d5d00000)
  object space 87552K, 0% used [0x0000000081600000,0x0000000081602000,0x0000000086b80000)
 Metaspace       used 5920K, capacity 6510K, committed 6656K, reserved 1060864K
  class space    used 601K, capacity 669K, committed 768K, reserved 1048576K
}
Event: 0.569 GC heap before
{Heap before GC invocations=2 (full 1):
 PSYoungGen      total 38400K, used 2319K [0x00000000d5d00000, 0x00000000d8780000, 0x0000000100000000)
  eden space 33280K, 0% used [0x00000000d5d00000,0x00000000d5d00000,0x00000000d7d80000)
  from space 5120K, 45% used [0x00000000d7d80000,0x00000000d7fc3e50,0x00000000d8280000)
  to   space 5120K, 0% used [0x00000000d8280000,0x00000000d8280000,0x00000000d8780000)
 ParOldGen       total 87552K, used 8K [0x0000000081600000, 0x0000000086b80000, 0x00000000d5d00000)
  object space 87552K, 0% used [0x0000000081600000,0x0000000081602000,0x0000000086b80000)
 Metaspace       used 5920K, capacity 6510K, committed 6656K, reserved 1060864K
  class space    used 601K, capacity 669K, committed 768K, reserved 1048576K
Event: 0.586 GC heap after
Heap after GC invocations=2 (full 1):
 PSYoungGen      total 38400K, used 0K [0x00000000d5d00000, 0x00000000d8780000, 0x0000000100000000)
  eden space 33280K, 0% used [0x00000000d5d00000,0x00000000d5d00000,0x00000000d7d80000)
  from space 5120K, 0% used [0x00000000d7d80000,0x00000000d7d80000,0x00000000d8280000)
  to   space 5120K, 0% used [0x00000000d8280000,0x00000000d8280000,0x00000000d8780000)
 ParOldGen       total 62464K, used 2106K [0x0000000081600000, 0x0000000085300000, 0x00000000d5d00000)
  object space 62464K, 3% used [0x0000000081600000,0x000000008180eaf8,0x0000000085300000)
 Metaspace       used 5920K, capacity 6510K, committed 6656K, reserved 1058816K
  class space    used 601K, capacity 669K, committed 768K, reserved 1048576K
}
Event: 1.491 GC heap before
{Heap before GC invocations=3 (full 1):
 PSYoungGen      total 38400K, used 33280K [0x00000000d5d00000, 0x00000000d8780000, 0x0000000100000000)
  eden space 33280K, 100% used [0x00000000d5d00000,0x00000000d7d80000,0x00000000d7d80000)
  from space 5120K, 0% used [0x00000000d7d80000,0x00000000d7d80000,0x00000000d8280000)
  to   space 5120K, 0% used [0x00000000d8280000,0x00000000d8280000,0x00000000d8780000)
 ParOldGen       total 62464K, used 2106K [0x0000000081600000, 0x0000000085300000, 0x00000000d5d00000)
  object space 62464K, 3% used [0x0000000081600000,0x000000008180eaf8,0x0000000085300000)
 Metaspace       used 11237K, capacity 11454K, committed 11648K, reserved 1062912K
  class space    used 1283K, capacity 1357K, committed 1408K, reserved 1048576K
Event: 1.502 GC heap after
Heap after GC invocations=3 (full 1):
 PSYoungGen      total 38400K, used 5114K [0x00000000d5d00000, 0x00000000d9000000, 0x0000000100000000)
  eden space 33280K, 0% used [0x00000000d5d00000,0x00000000d5d00000,0x00000000d7d80000)
  from space 5120K, 99% used [0x00000000d8280000,0x00000000d877e8e0,0x00000000d8780000)
  to   space 5120K, 0% used [0x00000000d7d80000,0x00000000d7d80000,0x00000000d8280000)
 ParOldGen       total 62464K, used 5244K [0x0000000081600000, 0x0000000085300000, 0x00000000d5d00000)
  object space 62464K, 8% used [0x0000000081600000,0x0000000081b1f270,0x0000000085300000)
 Metaspace       used 11237K, capacity 11454K, committed 11648K, reserved 1062912K
  class space    used 1283K, capacity 1357K, committed 1408K, reserved 1048576K
}

