# JRE version: Java(TM) SE Runtime Environment (8.0_131-b11) (build 1.8.0_131-b11)
# Java VM: Java HotSpot(TM) 64-Bit Server VM (25.131-b11 mixed mode windows-amd64 compressed oops)
Heap:
 PSYoungGen      total 407552K, used 114926K [0x00000000e0000000, 0x00000000ff500000, 0x0000000100000000)
  eden space 362496K, 19% used [0x00000000e0000000,0x00000000e4456be8,0x00000000f6200000)
  from space 45056K, 99% used [0x00000000f7000000,0x00000000f9be4e38,0x00000000f9c00000)
  to   space 75264K, 0% used [0x00000000fab80000,0x00000000fab80000,0x00000000ff500000)
 ParOldGen       total 292864K, used 40684K [0x00000000a0000000, 0x00000000b1e00000, 0x00000000e0000000)
  object space 292864K, 13% used [0x00000000a0000000,0x00000000a27bb0c0,0x00000000b1e00000)
 Metaspace       used 109561K, capacity 115238K, committed 115328K, reserved 1148928K
  class space    used 14283K, capacity 15440K, committed 15488K, reserved 1048576K
GC Heap History (10 events):
Event: 7811.559 GC heap before
{Heap before GC invocations=37 (full 6):
 PSYoungGen      total 424960K, used 371200K [0x00000000e0000000, 0x00000000fd380000, 0x0000000100000000)
  eden space 371200K, 100% used [0x00000000e0000000,0x00000000f6a80000,0x00000000f6a80000)
  from space 53760K, 0% used [0x00000000f9f00000,0x00000000f9f00000,0x00000000fd380000)
  to   space 53760K, 0% used [0x00000000f6a80000,0x00000000f6a80000,0x00000000f9f00000)
 ParOldGen       total 292864K, used 40580K [0x00000000a0000000, 0x00000000b1e00000, 0x00000000e0000000)
  object space 292864K, 13% used [0x00000000a0000000,0x00000000a27a10b0,0x00000000b1e00000)
 Metaspace       used 98294K, capacity 102250K, committed 103424K, reserved 1138688K
  class space    used 12994K, capacity 13797K, committed 14080K, reserved 1048576K
Event: 7811.658 GC heap after
Heap after GC invocations=37 (full 6):
 PSYoungGen      total 424960K, used 34454K [0x00000000e0000000, 0x0000000100000000, 0x0000000100000000)
  eden space 371200K, 0% used [0x00000000e0000000,0x00000000e0000000,0x00000000f6a80000)
  from space 53760K, 64% used [0x00000000f6a80000,0x00000000f8c25bd8,0x00000000f9f00000)
  to   space 56320K, 0% used [0x00000000fc900000,0x00000000fc900000,0x0000000100000000)
 ParOldGen       total 292864K, used 40588K [0x00000000a0000000, 0x00000000b1e00000, 0x00000000e0000000)
  object space 292864K, 13% used [0x00000000a0000000,0x00000000a27a30b0,0x00000000b1e00000)
 Metaspace       used 98294K, capacity 102250K, committed 103424K, reserved 1138688K
  class space    used 12994K, capacity 13797K, committed 14080K, reserved 1048576K
}
Event: 7834.297 GC heap before
{Heap before GC invocations=38 (full 6):
 PSYoungGen      total 424960K, used 405654K [0x00000000e0000000, 0x0000000100000000, 0x0000000100000000)
  eden space 371200K, 100% used [0x00000000e0000000,0x00000000f6a80000,0x00000000f6a80000)
  from space 53760K, 64% used [0x00000000f6a80000,0x00000000f8c25bd8,0x00000000f9f00000)
  to   space 56320K, 0% used [0x00000000fc900000,0x00000000fc900000,0x0000000100000000)
 ParOldGen       total 292864K, used 40588K [0x00000000a0000000, 0x00000000b1e00000, 0x00000000e0000000)
  object space 292864K, 13% used [0x00000000a0000000,0x00000000a27a30b0,0x00000000b1e00000)
 Metaspace       used 103366K, capacity 107362K, committed 108288K, reserved 1142784K
  class space    used 13537K, capacity 14379K, committed 14592K, reserved 1048576K
Event: 7834.403 GC heap after
Heap after GC invocations=38 (full 6):
 PSYoungGen      total 451584K, used 51920K [0x00000000e0000000, 0x0000000100000000, 0x0000000100000000)
  eden space 395264K, 0% used [0x00000000e0000000,0x00000000e0000000,0x00000000f8200000)
  from space 56320K, 92% used [0x00000000fc900000,0x00000000ffbb43e8,0x0000000100000000)
  to   space 64512K, 0% used [0x00000000f8200000,0x00000000f8200000,0x00000000fc100000)
 ParOldGen       total 292864K, used 40596K [0x00000000a0000000, 0x00000000b1e00000, 0x00000000e0000000)
  object space 292864K, 13% used [0x00000000a0000000,0x00000000a27a50b0,0x00000000b1e00000)
 Metaspace       used 103366K, capacity 107362K, committed 108288K, reserved 1142784K
  class space    used 13537K, capacity 14379K, committed 14592K, reserved 1048576K
}
Event: 7869.243 GC heap before
{Heap before GC invocations=39 (full 6):
 PSYoungGen      total 451584K, used 447184K [0x00000000e0000000, 0x0000000100000000, 0x0000000100000000)
  eden space 395264K, 100% used [0x00000000e0000000,0x00000000f8200000,0x00000000f8200000)
  from space 56320K, 92% used [0x00000000fc900000,0x00000000ffbb43e8,0x0000000100000000)
  to   space 64512K, 0% used [0x00000000f8200000,0x00000000f8200000,0x00000000fc100000)
 ParOldGen       total 292864K, used 40596K [0x00000000a0000000, 0x00000000b1e00000, 0x00000000e0000000)
  object space 292864K, 13% used [0x00000000a0000000,0x00000000a27a50b0,0x00000000b1e00000)
 Metaspace       used 105641K, capacity 110284K, committed 110592K, reserved 1144832K
  class space    used 13851K, capacity 14745K, committed 14848K, reserved 1048576K
Event: 7869.463 GC heap after
Heap after GC invocations=39 (full 6):
 PSYoungGen      total 439296K, used 43861K [0x00000000e0000000, 0x0000000100000000, 0x0000000100000000)
  eden space 395264K, 0% used [0x00000000e0000000,0x00000000e0000000,0x00000000f8200000)
  from space 44032K, 99% used [0x00000000f8200000,0x00000000facd5658,0x00000000fad00000)
  to   space 68096K, 0% used [0x00000000fbd80000,0x00000000fbd80000,0x0000000100000000)
 ParOldGen       total 292864K, used 40604K [0x00000000a0000000, 0x00000000b1e00000, 0x00000000e0000000)
  object space 292864K, 13% used [0x00000000a0000000,0x00000000a27a70b0,0x00000000b1e00000)
 Metaspace       used 105641K, capacity 110284K, committed 110592K, reserved 1144832K
  class space    used 13851K, capacity 14745K, committed 14848K, reserved 1048576K
}
Event: 10757.448 GC heap before
{Heap before GC invocations=40 (full 6):
 PSYoungGen      total 439296K, used 439125K [0x00000000e0000000, 0x0000000100000000, 0x0000000100000000)
  eden space 395264K, 100% used [0x00000000e0000000,0x00000000f8200000,0x00000000f8200000)
  from space 44032K, 99% used [0x00000000f8200000,0x00000000facd5658,0x00000000fad00000)
  to   space 68096K, 0% used [0x00000000fbd80000,0x00000000fbd80000,0x0000000100000000)
 ParOldGen       total 292864K, used 40604K [0x00000000a0000000, 0x00000000b1e00000, 0x00000000e0000000)
  object space 292864K, 13% used [0x00000000a0000000,0x00000000a27a70b0,0x00000000b1e00000)
 Metaspace       used 107856K, capacity 113170K, committed 113280K, reserved 1146880K
  class space    used 14125K, capacity 15174K, committed 15232K, reserved 1048576K
Event: 10757.915 GC heap after
Heap after GC invocations=40 (full 6):
 PSYoungGen      total 444928K, used 51219K [0x00000000e0000000, 0x0000000100000000, 0x0000000100000000)
  eden space 376832K, 0% used [0x00000000e0000000,0x00000000e0000000,0x00000000f7000000)
  from space 68096K, 75% used [0x00000000fbd80000,0x00000000fef84fe0,0x0000000100000000)
  to   space 73728K, 0% used [0x00000000f7000000,0x00000000f7000000,0x00000000fb800000)
 ParOldGen       total 292864K, used 40676K [0x00000000a0000000, 0x00000000b1e00000, 0x00000000e0000000)
  object space 292864K, 13% used [0x00000000a0000000,0x00000000a27b90c0,0x00000000b1e00000)
 Metaspace       used 107856K, capacity 113170K, committed 113280K, reserved 1146880K
  class space    used 14125K, capacity 15174K, committed 15232K, reserved 1048576K
}
Event: 10918.702 GC heap before
{Heap before GC invocations=41 (full 6):
 PSYoungGen      total 444928K, used 428051K [0x00000000e0000000, 0x0000000100000000, 0x0000000100000000)
  eden space 376832K, 100% used [0x00000000e0000000,0x00000000f7000000,0x00000000f7000000)
  from space 68096K, 75% used [0x00000000fbd80000,0x00000000fef84fe0,0x0000000100000000)
  to   space 73728K, 0% used [0x00000000f7000000,0x00000000f7000000,0x00000000fb800000)
 ParOldGen       total 292864K, used 40676K [0x00000000a0000000, 0x00000000b1e00000, 0x00000000e0000000)
  object space 292864K, 13% used [0x00000000a0000000,0x00000000a27b90c0,0x00000000b1e00000)
 Metaspace       used 109484K, capacity 115112K, committed 115328K, reserved 1148928K
  class space    used 14271K, capacity 15419K, committed 15488K, reserved 1048576K
Event: 10918.810 GC heap after
Heap after GC invocations=41 (full 6):
 PSYoungGen      total 407552K, used 44947K [0x00000000e0000000, 0x00000000ff500000, 0x0000000100000000)
  eden space 362496K, 0% used [0x00000000e0000000,0x00000000e0000000,0x00000000f6200000)
  from space 45056K, 99% used [0x00000000f7000000,0x00000000f9be4e38,0x00000000f9c00000)
  to   space 75264K, 0% used [0x00000000fab80000,0x00000000fab80000,0x00000000ff500000)
 ParOldGen       total 292864K, used 40684K [0x00000000a0000000, 0x00000000b1e00000, 0x00000000e0000000)
  object space 292864K, 13% used [0x00000000a0000000,0x00000000a27bb0c0,0x00000000b1e00000)
 Metaspace       used 109484K, capacity 115112K, committed 115328K, reserved 1148928K
  class space    used 14271K, capacity 15419K, committed 15488K, reserved 1048576K
}

