# JRE version: Java(TM) SE Runtime Environment (8.0_131-b11) (build 1.8.0_131-b11)
# Java VM: Java HotSpot(TM) 64-Bit Server VM (25.131-b11 mixed mode windows-amd64 compressed oops)
Heap:
 PSYoungGen      total 52736K, used 15746K [0x00000000d5d00000, 0x00000000da800000, 0x0000000100000000)
  eden space 47616K, 22% used [0x00000000d5d00000,0x00000000d6767048,0x00000000d8b80000)
  from space 5120K, 99% used [0x00000000da300000,0x00000000da7f9a40,0x00000000da800000)
  to   space 5120K, 0% used [0x00000000d9e00000,0x00000000d9e00000,0x00000000da300000)
 ParOldGen       total 65536K, used 10555K [0x0000000081600000, 0x0000000085600000, 0x00000000d5d00000)
  object space 65536K, 16% used [0x0000000081600000,0x000000008204edd0,0x0000000085600000)
 Metaspace       used 25827K, capacity 26366K, committed 26624K, reserved 1073152K
  class space    used 3166K, capacity 3318K, committed 3328K, reserved 1048576K
GC Heap History (10 events):
Event: 1.350 GC heap before
{Heap before GC invocations=1 (full 0):
 PSYoungGen      total 38400K, used 33280K [0x00000000d5d00000, 0x00000000d8780000, 0x0000000100000000)
  eden space 33280K, 100% used [0x00000000d5d00000,0x00000000d7d80000,0x00000000d7d80000)
  from space 5120K, 0% used [0x00000000d8280000,0x00000000d8280000,0x00000000d8780000)
  to   space 5120K, 0% used [0x00000000d7d80000,0x00000000d7d80000,0x00000000d8280000)
 ParOldGen       total 87552K, used 0K [0x0000000081600000, 0x0000000086b80000, 0x00000000d5d00000)
  object space 87552K, 0% used [0x0000000081600000,0x0000000081600000,0x0000000086b80000)
 Metaspace       used 10219K, capacity 10354K, committed 10496K, reserved 1058816K
  class space    used 1159K, capacity 1245K, committed 1280K, reserved 1048576K
Event: 1.360 GC heap after
Heap after GC invocations=1 (full 0):
 PSYoungGen      total 38400K, used 5096K [0x00000000d5d00000, 0x00000000d8780000, 0x0000000100000000)
  eden space 33280K, 0% used [0x00000000d5d00000,0x00000000d5d00000,0x00000000d7d80000)
  from space 5120K, 99% used [0x00000000d7d80000,0x00000000d827a2c8,0x00000000d8280000)
  to   space 5120K, 0% used [0x00000000d8280000,0x00000000d8280000,0x00000000d8780000)
 ParOldGen       total 87552K, used 2800K [0x0000000081600000, 0x0000000086b80000, 0x00000000d5d00000)
  object space 87552K, 3% used [0x0000000081600000,0x00000000818bc260,0x0000000086b80000)
 Metaspace       used 10219K, capacity 10354K, committed 10496K, reserved 1058816K
  class space    used 1159K, capacity 1245K, committed 1280K, reserved 1048576K
}
Event: 2.229 GC heap before
{Heap before GC invocations=2 (full 0):
 PSYoungGen      total 38400K, used 38376K [0x00000000d5d00000, 0x00000000d8780000, 0x0000000100000000)
  eden space 33280K, 100% used [0x00000000d5d00000,0x00000000d7d80000,0x00000000d7d80000)
  from space 5120K, 99% used [0x00000000d7d80000,0x00000000d827a2c8,0x00000000d8280000)
  to   space 5120K, 0% used [0x00000000d8280000,0x00000000d8280000,0x00000000d8780000)
 ParOldGen       total 87552K, used 2800K [0x0000000081600000, 0x0000000086b80000, 0x00000000d5d00000)
  object space 87552K, 3% used [0x0000000081600000,0x00000000818bc260,0x0000000086b80000)
 Metaspace       used 16486K, capacity 16814K, committed 17024K, reserved 1064960K
  class space    used 1994K, capacity 2121K, committed 2176K, reserved 1048576K
Event: 2.243 GC heap after
Heap after GC invocations=2 (full 0):
 PSYoungGen      total 38400K, used 5097K [0x00000000d5d00000, 0x00000000da800000, 0x0000000100000000)
  eden space 33280K, 0% used [0x00000000d5d00000,0x00000000d5d00000,0x00000000d7d80000)
  from space 5120K, 99% used [0x00000000d8280000,0x00000000d877a560,0x00000000d8780000)
  to   space 5120K, 0% used [0x00000000d7d80000,0x00000000d7d80000,0x00000000d8280000)
 ParOldGen       total 87552K, used 7947K [0x0000000081600000, 0x0000000086b80000, 0x00000000d5d00000)
  object space 87552K, 9% used [0x0000000081600000,0x0000000081dc2ec0,0x0000000086b80000)
 Metaspace       used 16486K, capacity 16814K, committed 17024K, reserved 1064960K
  class space    used 1994K, capacity 2121K, committed 2176K, reserved 1048576K
}
Event: 2.652 GC heap before
{Heap before GC invocations=3 (full 0):
 PSYoungGen      total 38400K, used 19890K [0x00000000d5d00000, 0x00000000da800000, 0x0000000100000000)
  eden space 33280K, 44% used [0x00000000d5d00000,0x00000000d6b72358,0x00000000d7d80000)
  from space 5120K, 99% used [0x00000000d8280000,0x00000000d877a560,0x00000000d8780000)
  to   space 5120K, 0% used [0x00000000d7d80000,0x00000000d7d80000,0x00000000d8280000)
 ParOldGen       total 87552K, used 7947K [0x0000000081600000, 0x0000000086b80000, 0x00000000d5d00000)
  object space 87552K, 9% used [0x0000000081600000,0x0000000081dc2ec0,0x0000000086b80000)
 Metaspace       used 20737K, capacity 21154K, committed 21296K, reserved 1069056K
  class space    used 2524K, capacity 2651K, committed 2688K, reserved 1048576K
Event: 2.666 GC heap after
Heap after GC invocations=3 (full 0):
 PSYoungGen      total 38400K, used 5097K [0x00000000d5d00000, 0x00000000da800000, 0x0000000100000000)
  eden space 33280K, 0% used [0x00000000d5d00000,0x00000000d5d00000,0x00000000d7d80000)
  from space 5120K, 99% used [0x00000000d7d80000,0x00000000d827a590,0x00000000d8280000)
  to   space 5120K, 0% used [0x00000000da300000,0x00000000da300000,0x00000000da800000)
 ParOldGen       total 87552K, used 11414K [0x0000000081600000, 0x0000000086b80000, 0x00000000d5d00000)
  object space 87552K, 13% used [0x0000000081600000,0x0000000082125a40,0x0000000086b80000)
 Metaspace       used 20737K, capacity 21154K, committed 21296K, reserved 1069056K
  class space    used 2524K, capacity 2651K, committed 2688K, reserved 1048576K
}
Event: 2.666 GC heap before
{Heap before GC invocations=4 (full 1):
 PSYoungGen      total 38400K, used 5097K [0x00000000d5d00000, 0x00000000da800000, 0x0000000100000000)
  eden space 33280K, 0% used [0x00000000d5d00000,0x00000000d5d00000,0x00000000d7d80000)
  from space 5120K, 99% used [0x00000000d7d80000,0x00000000d827a590,0x00000000d8280000)
  to   space 5120K, 0% used [0x00000000da300000,0x00000000da300000,0x00000000da800000)
 ParOldGen       total 87552K, used 11414K [0x0000000081600000, 0x0000000086b80000, 0x00000000d5d00000)
  object space 87552K, 13% used [0x0000000081600000,0x0000000082125a40,0x0000000086b80000)
 Metaspace       used 20737K, capacity 21154K, committed 21296K, reserved 1069056K
  class space    used 2524K, capacity 2651K, committed 2688K, reserved 1048576K
Event: 2.725 GC heap after
Heap after GC invocations=4 (full 1):
 PSYoungGen      total 38400K, used 0K [0x00000000d5d00000, 0x00000000da800000, 0x0000000100000000)
  eden space 33280K, 0% used [0x00000000d5d00000,0x00000000d5d00000,0x00000000d7d80000)
  from space 5120K, 0% used [0x00000000d7d80000,0x00000000d7d80000,0x00000000d8280000)
  to   space 5120K, 0% used [0x00000000da300000,0x00000000da300000,0x00000000da800000)
 ParOldGen       total 65536K, used 8435K [0x0000000081600000, 0x0000000085600000, 0x00000000d5d00000)
  object space 65536K, 12% used [0x0000000081600000,0x0000000081e3cd10,0x0000000085600000)
 Metaspace       used 20737K, capacity 21154K, committed 21296K, reserved 1069056K
  class space    used 2524K, capacity 2651K, committed 2688K, reserved 1048576K
}
Event: 3.598 GC heap before
{Heap before GC invocations=5 (full 1):
 PSYoungGen      total 38400K, used 33280K [0x00000000d5d00000, 0x00000000da800000, 0x0000000100000000)
  eden space 33280K, 100% used [0x00000000d5d00000,0x00000000d7d80000,0x00000000d7d80000)
  from space 5120K, 0% used [0x00000000d7d80000,0x00000000d7d80000,0x00000000d8280000)
  to   space 5120K, 0% used [0x00000000da300000,0x00000000da300000,0x00000000da800000)
 ParOldGen       total 65536K, used 8435K [0x0000000081600000, 0x0000000085600000, 0x00000000d5d00000)
  object space 65536K, 12% used [0x0000000081600000,0x0000000081e3cd10,0x0000000085600000)
 Metaspace       used 23927K, capacity 24430K, committed 24704K, reserved 1071104K
  class space    used 2944K, capacity 3089K, committed 3200K, reserved 1048576K
Event: 3.607 GC heap after
Heap after GC invocations=5 (full 1):
 PSYoungGen      total 52736K, used 5094K [0x00000000d5d00000, 0x00000000da800000, 0x0000000100000000)
  eden space 47616K, 0% used [0x00000000d5d00000,0x00000000d5d00000,0x00000000d8b80000)
  from space 5120K, 99% used [0x00000000da300000,0x00000000da7f9a40,0x00000000da800000)
  to   space 5120K, 0% used [0x00000000d9e00000,0x00000000d9e00000,0x00000000da300000)
 ParOldGen       total 65536K, used 10555K [0x0000000081600000, 0x0000000085600000, 0x00000000d5d00000)
  object space 65536K, 16% used [0x0000000081600000,0x000000008204edd0,0x0000000085600000)
 Metaspace       used 23927K, capacity 24430K, committed 24704K, reserved 1071104K
  class space    used 2944K, capacity 3089K, committed 3200K, reserved 1048576K
}

