# JRE version: Java(TM) SE Runtime Environment (8.0_131-b11) (build 1.8.0_131-b11)
# Java VM: Java HotSpot(TM) 64-Bit Server VM (25.131-b11 mixed mode windows-amd64 compressed oops)
Heap:
 PSYoungGen      total 86016K, used 30903K [0x00000000d5d00000, 0x00000000dde00000, 0x0000000100000000)
  eden space 70144K, 44% used [0x00000000d5d00000,0x00000000d7b2df70,0x00000000da180000)
  from space 15872K, 0% used [0x00000000db100000,0x00000000db100000,0x00000000dc080000)
  to   space 15872K, 0% used [0x00000000da180000,0x00000000da180000,0x00000000db100000)
 ParOldGen       total 119808K, used 24982K [0x0000000081600000, 0x0000000088b00000, 0x00000000d5d00000)
  object space 119808K, 20% used [0x0000000081600000,0x0000000082e65830,0x0000000088b00000)
 Metaspace       used 38995K, capacity 39626K, committed 39936K, reserved 1083392K
  class space    used 5102K, capacity 5282K, committed 5376K, reserved 1048576K
GC Heap History (10 events):
Event: 2.710 GC heap before
{Heap before GC invocations=4 (full 1):
 PSYoungGen      total 38400K, used 5098K [0x00000000d5d00000, 0x00000000da800000, 0x0000000100000000)
  eden space 33280K, 0% used [0x00000000d5d00000,0x00000000d5d00000,0x00000000d7d80000)
  from space 5120K, 99% used [0x00000000d7d80000,0x00000000d827a850,0x00000000d8280000)
  to   space 5120K, 0% used [0x00000000da300000,0x00000000da300000,0x00000000da800000)
 ParOldGen       total 87552K, used 11361K [0x0000000081600000, 0x0000000086b80000, 0x00000000d5d00000)
  object space 87552K, 12% used [0x0000000081600000,0x0000000082118728,0x0000000086b80000)
 Metaspace       used 20750K, capacity 21150K, committed 21296K, reserved 1069056K
  class space    used 2526K, capacity 2651K, committed 2688K, reserved 1048576K
Event: 2.764 GC heap after
Heap after GC invocations=4 (full 1):
 PSYoungGen      total 38400K, used 0K [0x00000000d5d00000, 0x00000000da800000, 0x0000000100000000)
  eden space 33280K, 0% used [0x00000000d5d00000,0x00000000d5d00000,0x00000000d7d80000)
  from space 5120K, 0% used [0x00000000d7d80000,0x00000000d7d80000,0x00000000d8280000)
  to   space 5120K, 0% used [0x00000000da300000,0x00000000da300000,0x00000000da800000)
 ParOldGen       total 65024K, used 8435K [0x0000000081600000, 0x0000000085580000, 0x00000000d5d00000)
  object space 65024K, 12% used [0x0000000081600000,0x0000000081e3ce20,0x0000000085580000)
 Metaspace       used 20750K, capacity 21150K, committed 21296K, reserved 1069056K
  class space    used 2526K, capacity 2651K, committed 2688K, reserved 1048576K
}
Event: 3.864 GC heap before
{Heap before GC invocations=5 (full 1):
 PSYoungGen      total 38400K, used 33280K [0x00000000d5d00000, 0x00000000da800000, 0x0000000100000000)
  eden space 33280K, 100% used [0x00000000d5d00000,0x00000000d7d80000,0x00000000d7d80000)
  from space 5120K, 0% used [0x00000000d7d80000,0x00000000d7d80000,0x00000000d8280000)
  to   space 5120K, 0% used [0x00000000da300000,0x00000000da300000,0x00000000da800000)
 ParOldGen       total 65024K, used 8435K [0x0000000081600000, 0x0000000085580000, 0x00000000d5d00000)
  object space 65024K, 12% used [0x0000000081600000,0x0000000081e3ce20,0x0000000085580000)
 Metaspace       used 23963K, capacity 24490K, committed 24704K, reserved 1071104K
  class space    used 2956K, capacity 3089K, committed 3200K, reserved 1048576K
Event: 3.878 GC heap after
Heap after GC invocations=5 (full 1):
 PSYoungGen      total 53760K, used 5114K [0x00000000d5d00000, 0x00000000da800000, 0x0000000100000000)
  eden space 48640K, 0% used [0x00000000d5d00000,0x00000000d5d00000,0x00000000d8c80000)
  from space 5120K, 99% used [0x00000000da300000,0x00000000da7feb38,0x00000000da800000)
  to   space 5120K, 0% used [0x00000000d9e00000,0x00000000d9e00000,0x00000000da300000)
 ParOldGen       total 65024K, used 10526K [0x0000000081600000, 0x0000000085580000, 0x00000000d5d00000)
  object space 65024K, 16% used [0x0000000081600000,0x0000000082047838,0x0000000085580000)
 Metaspace       used 23963K, capacity 24490K, committed 24704K, reserved 1071104K
  class space    used 2956K, capacity 3089K, committed 3200K, reserved 1048576K
}
Event: 5.457 GC heap before
{Heap before GC invocations=6 (full 1):
 PSYoungGen      total 53760K, used 53754K [0x00000000d5d00000, 0x00000000da800000, 0x0000000100000000)
  eden space 48640K, 100% used [0x00000000d5d00000,0x00000000d8c80000,0x00000000d8c80000)
  from space 5120K, 99% used [0x00000000da300000,0x00000000da7feb38,0x00000000da800000)
  to   space 5120K, 0% used [0x00000000d9e00000,0x00000000d9e00000,0x00000000da300000)
 ParOldGen       total 65024K, used 10526K [0x0000000081600000, 0x0000000085580000, 0x00000000d5d00000)
  object space 65024K, 16% used [0x0000000081600000,0x0000000082047838,0x0000000085580000)
 Metaspace       used 32090K, capacity 32564K, committed 32768K, reserved 1077248K
  class space    used 4162K, capacity 4315K, committed 4352K, reserved 1048576K
Event: 5.476 GC heap after
Heap after GC invocations=6 (full 1):
 PSYoungGen      total 71680K, used 5110K [0x00000000d5d00000, 0x00000000dc080000, 0x0000000100000000)
  eden space 66560K, 0% used [0x00000000d5d00000,0x00000000d5d00000,0x00000000d9e00000)
  from space 5120K, 99% used [0x00000000d9e00000,0x00000000da2fd918,0x00000000da300000)
  to   space 15872K, 0% used [0x00000000db100000,0x00000000db100000,0x00000000dc080000)
 ParOldGen       total 65024K, used 22275K [0x0000000081600000, 0x0000000085580000, 0x00000000d5d00000)
  object space 65024K, 34% used [0x0000000081600000,0x0000000082bc0eb0,0x0000000085580000)
 Metaspace       used 32090K, capacity 32564K, committed 32768K, reserved 1077248K
  class space    used 4162K, capacity 4315K, committed 4352K, reserved 1048576K
}
Event: 5.879 GC heap before
{Heap before GC invocations=7 (full 1):
 PSYoungGen      total 71680K, used 15821K [0x00000000d5d00000, 0x00000000dc080000, 0x0000000100000000)
  eden space 66560K, 16% used [0x00000000d5d00000,0x00000000d6775e38,0x00000000d9e00000)
  from space 5120K, 99% used [0x00000000d9e00000,0x00000000da2fd918,0x00000000da300000)
  to   space 15872K, 0% used [0x00000000db100000,0x00000000db100000,0x00000000dc080000)
 ParOldGen       total 65024K, used 22275K [0x0000000081600000, 0x0000000085580000, 0x00000000d5d00000)
  object space 65024K, 34% used [0x0000000081600000,0x0000000082bc0eb0,0x0000000085580000)
 Metaspace       used 34729K, capacity 35238K, committed 35456K, reserved 1079296K
  class space    used 4539K, capacity 4684K, committed 4736K, reserved 1048576K
Event: 5.894 GC heap after
Heap after GC invocations=7 (full 1):
 PSYoungGen      total 86016K, used 8137K [0x00000000d5d00000, 0x00000000dde00000, 0x0000000100000000)
  eden space 70144K, 0% used [0x00000000d5d00000,0x00000000d5d00000,0x00000000da180000)
  from space 15872K, 51% used [0x00000000db100000,0x00000000db8f24f8,0x00000000dc080000)
  to   space 15872K, 0% used [0x00000000da180000,0x00000000da180000,0x00000000db100000)
 ParOldGen       total 65024K, used 22336K [0x0000000081600000, 0x0000000085580000, 0x00000000d5d00000)
  object space 65024K, 34% used [0x0000000081600000,0x0000000082bd0310,0x0000000085580000)
 Metaspace       used 34729K, capacity 35238K, committed 35456K, reserved 1079296K
  class space    used 4539K, capacity 4684K, committed 4736K, reserved 1048576K
}
Event: 5.894 GC heap before
{Heap before GC invocations=8 (full 2):
 PSYoungGen      total 86016K, used 8137K [0x00000000d5d00000, 0x00000000dde00000, 0x0000000100000000)
  eden space 70144K, 0% used [0x00000000d5d00000,0x00000000d5d00000,0x00000000da180000)
  from space 15872K, 51% used [0x00000000db100000,0x00000000db8f24f8,0x00000000dc080000)
  to   space 15872K, 0% used [0x00000000da180000,0x00000000da180000,0x00000000db100000)
 ParOldGen       total 65024K, used 22336K [0x0000000081600000, 0x0000000085580000, 0x00000000d5d00000)
  object space 65024K, 34% used [0x0000000081600000,0x0000000082bd0310,0x0000000085580000)
 Metaspace       used 34729K, capacity 35238K, committed 35456K, reserved 1079296K
  class space    used 4539K, capacity 4684K, committed 4736K, reserved 1048576K
Event: 6.042 GC heap after
Heap after GC invocations=8 (full 2):
 PSYoungGen      total 86016K, used 0K [0x00000000d5d00000, 0x00000000dde00000, 0x0000000100000000)
  eden space 70144K, 0% used [0x00000000d5d00000,0x00000000d5d00000,0x00000000da180000)
  from space 15872K, 0% used [0x00000000db100000,0x00000000db100000,0x00000000dc080000)
  to   space 15872K, 0% used [0x00000000da180000,0x00000000da180000,0x00000000db100000)
 ParOldGen       total 119808K, used 24982K [0x0000000081600000, 0x0000000088b00000, 0x00000000d5d00000)
  object space 119808K, 20% used [0x0000000081600000,0x0000000082e65830,0x0000000088b00000)
 Metaspace       used 34729K, capacity 35238K, committed 35456K, reserved 1079296K
  class space    used 4539K, capacity 4684K, committed 4736K, reserved 1048576K
}

