# JRE version: Java(TM) SE Runtime Environment (8.0_131-b11) (build 1.8.0_131-b11)
# Java VM: Java HotSpot(TM) 64-Bit Server VM (25.131-b11 mixed mode windows-amd64 compressed oops)
Heap:
 PSYoungGen      total 138240K, used 109823K [0x00000000d5d00000, 0x00000000e1600000, 0x0000000100000000)
  eden space 133120K, 82% used [0x00000000d5d00000,0x00000000dc83fe68,0x00000000ddf00000)
  from space 5120K, 0% used [0x00000000ddf00000,0x00000000ddf00000,0x00000000de400000)
  to   space 15872K, 0% used [0x00000000e0680000,0x00000000e0680000,0x00000000e1600000)
 ParOldGen       total 61952K, used 27643K [0x0000000081600000, 0x0000000085280000, 0x00000000d5d00000)
  object space 61952K, 44% used [0x0000000081600000,0x00000000830fecc0,0x0000000085280000)
 Metaspace       used 44826K, capacity 45566K, committed 45952K, reserved 1089536K
  class space    used 5718K, capacity 5926K, committed 6016K, reserved 1048576K
GC Heap History (10 events):
Event: 3.220 GC heap before
{Heap before GC invocations=3 (full 0):
 PSYoungGen      total 71680K, used 19851K [0x00000000d5d00000, 0x00000000da800000, 0x0000000100000000)
  eden space 66560K, 22% used [0x00000000d5d00000,0x00000000d6b646a8,0x00000000d9e00000)
  from space 5120K, 99% used [0x00000000da300000,0x00000000da7fe570,0x00000000da800000)
  to   space 5120K, 0% used [0x00000000d9e00000,0x00000000d9e00000,0x00000000da300000)
 ParOldGen       total 87552K, used 7890K [0x0000000081600000, 0x0000000086b80000, 0x00000000d5d00000)
  object space 87552K, 9% used [0x0000000081600000,0x0000000081db4988,0x0000000086b80000)
 Metaspace       used 20761K, capacity 21150K, committed 21296K, reserved 1069056K
  class space    used 2520K, capacity 2651K, committed 2688K, reserved 1048576K
Event: 3.234 GC heap after
Heap after GC invocations=3 (full 0):
 PSYoungGen      total 71680K, used 5113K [0x00000000d5d00000, 0x00000000de900000, 0x0000000100000000)
  eden space 66560K, 0% used [0x00000000d5d00000,0x00000000d5d00000,0x00000000d9e00000)
  from space 5120K, 99% used [0x00000000d9e00000,0x00000000da2fe590,0x00000000da300000)
  to   space 5120K, 0% used [0x00000000de400000,0x00000000de400000,0x00000000de900000)
 ParOldGen       total 87552K, used 11323K [0x0000000081600000, 0x0000000086b80000, 0x00000000d5d00000)
  object space 87552K, 12% used [0x0000000081600000,0x000000008210ef00,0x0000000086b80000)
 Metaspace       used 20761K, capacity 21150K, committed 21296K, reserved 1069056K
  class space    used 2520K, capacity 2651K, committed 2688K, reserved 1048576K
}
Event: 3.234 GC heap before
{Heap before GC invocations=4 (full 1):
 PSYoungGen      total 71680K, used 5113K [0x00000000d5d00000, 0x00000000de900000, 0x0000000100000000)
  eden space 66560K, 0% used [0x00000000d5d00000,0x00000000d5d00000,0x00000000d9e00000)
  from space 5120K, 99% used [0x00000000d9e00000,0x00000000da2fe590,0x00000000da300000)
  to   space 5120K, 0% used [0x00000000de400000,0x00000000de400000,0x00000000de900000)
 ParOldGen       total 87552K, used 11323K [0x0000000081600000, 0x0000000086b80000, 0x00000000d5d00000)
  object space 87552K, 12% used [0x0000000081600000,0x000000008210ef00,0x0000000086b80000)
 Metaspace       used 20761K, capacity 21150K, committed 21296K, reserved 1069056K
  class space    used 2520K, capacity 2651K, committed 2688K, reserved 1048576K
Event: 3.288 GC heap after
Heap after GC invocations=4 (full 1):
 PSYoungGen      total 71680K, used 0K [0x00000000d5d00000, 0x00000000de900000, 0x0000000100000000)
  eden space 66560K, 0% used [0x00000000d5d00000,0x00000000d5d00000,0x00000000d9e00000)
  from space 5120K, 0% used [0x00000000d9e00000,0x00000000d9e00000,0x00000000da300000)
  to   space 5120K, 0% used [0x00000000de400000,0x00000000de400000,0x00000000de900000)
 ParOldGen       total 61952K, used 8419K [0x0000000081600000, 0x0000000085280000, 0x00000000d5d00000)
  object space 61952K, 13% used [0x0000000081600000,0x0000000081e38c90,0x0000000085280000)
 Metaspace       used 20761K, capacity 21150K, committed 21296K, reserved 1069056K
  class space    used 2520K, capacity 2651K, committed 2688K, reserved 1048576K
}
Event: 5.461 GC heap before
{Heap before GC invocations=5 (full 1):
 PSYoungGen      total 71680K, used 66560K [0x00000000d5d00000, 0x00000000de900000, 0x0000000100000000)
  eden space 66560K, 100% used [0x00000000d5d00000,0x00000000d9e00000,0x00000000d9e00000)
  from space 5120K, 0% used [0x00000000d9e00000,0x00000000d9e00000,0x00000000da300000)
  to   space 5120K, 0% used [0x00000000de400000,0x00000000de400000,0x00000000de900000)
 ParOldGen       total 61952K, used 8419K [0x0000000081600000, 0x0000000085280000, 0x00000000d5d00000)
  object space 61952K, 13% used [0x0000000081600000,0x0000000081e38c90,0x0000000085280000)
 Metaspace       used 29782K, capacity 30240K, committed 30336K, reserved 1075200K
  class space    used 3763K, capacity 3928K, committed 3968K, reserved 1048576K
Event: 5.483 GC heap after
Heap after GC invocations=5 (full 1):
 PSYoungGen      total 106496K, used 5090K [0x00000000d5d00000, 0x00000000de900000, 0x0000000100000000)
  eden space 101376K, 0% used [0x00000000d5d00000,0x00000000d5d00000,0x00000000dc000000)
  from space 5120K, 99% used [0x00000000de400000,0x00000000de8f8908,0x00000000de900000)
  to   space 5120K, 0% used [0x00000000ddf00000,0x00000000ddf00000,0x00000000de400000)
 ParOldGen       total 61952K, used 19817K [0x0000000081600000, 0x0000000085280000, 0x00000000d5d00000)
  object space 61952K, 31% used [0x0000000081600000,0x000000008295a6b0,0x0000000085280000)
 Metaspace       used 29782K, capacity 30240K, committed 30336K, reserved 1075200K
  class space    used 3763K, capacity 3928K, committed 3968K, reserved 1048576K
}
Event: 7.036 GC heap before
{Heap before GC invocations=6 (full 1):
 PSYoungGen      total 106496K, used 30856K [0x00000000d5d00000, 0x00000000de900000, 0x0000000100000000)
  eden space 101376K, 25% used [0x00000000d5d00000,0x00000000d7629ab0,0x00000000dc000000)
  from space 5120K, 99% used [0x00000000de400000,0x00000000de8f8908,0x00000000de900000)
  to   space 5120K, 0% used [0x00000000ddf00000,0x00000000ddf00000,0x00000000de400000)
 ParOldGen       total 61952K, used 19817K [0x0000000081600000, 0x0000000085280000, 0x00000000d5d00000)
  object space 61952K, 31% used [0x0000000081600000,0x000000008295a6b0,0x0000000085280000)
 Metaspace       used 34804K, capacity 35302K, committed 35456K, reserved 1079296K
  class space    used 4533K, capacity 4684K, committed 4736K, reserved 1048576K
Event: 7.080 GC heap after
Heap after GC invocations=6 (full 1):
 PSYoungGen      total 138240K, used 5099K [0x00000000d5d00000, 0x00000000e1600000, 0x0000000100000000)
  eden space 133120K, 0% used [0x00000000d5d00000,0x00000000d5d00000,0x00000000ddf00000)
  from space 5120K, 99% used [0x00000000ddf00000,0x00000000de3fadb8,0x00000000de400000)
  to   space 15872K, 0% used [0x00000000e0680000,0x00000000e0680000,0x00000000e1600000)
 ParOldGen       total 61952K, used 26057K [0x0000000081600000, 0x0000000085280000, 0x00000000d5d00000)
  object space 61952K, 42% used [0x0000000081600000,0x0000000082f727c0,0x0000000085280000)
 Metaspace       used 34804K, capacity 35302K, committed 35456K, reserved 1079296K
  class space    used 4533K, capacity 4684K, committed 4736K, reserved 1048576K
}
Event: 7.080 GC heap before
{Heap before GC invocations=7 (full 2):
 PSYoungGen      total 138240K, used 5099K [0x00000000d5d00000, 0x00000000e1600000, 0x0000000100000000)
  eden space 133120K, 0% used [0x00000000d5d00000,0x00000000d5d00000,0x00000000ddf00000)
  from space 5120K, 99% used [0x00000000ddf00000,0x00000000de3fadb8,0x00000000de400000)
  to   space 15872K, 0% used [0x00000000e0680000,0x00000000e0680000,0x00000000e1600000)
 ParOldGen       total 61952K, used 26057K [0x0000000081600000, 0x0000000085280000, 0x00000000d5d00000)
  object space 61952K, 42% used [0x0000000081600000,0x0000000082f727c0,0x0000000085280000)
 Metaspace       used 34804K, capacity 35302K, committed 35456K, reserved 1079296K
  class space    used 4533K, capacity 4684K, committed 4736K, reserved 1048576K
Event: 7.236 GC heap after
Heap after GC invocations=7 (full 2):
 PSYoungGen      total 138240K, used 0K [0x00000000d5d00000, 0x00000000e1600000, 0x0000000100000000)
  eden space 133120K, 0% used [0x00000000d5d00000,0x00000000d5d00000,0x00000000ddf00000)
  from space 5120K, 0% used [0x00000000ddf00000,0x00000000ddf00000,0x00000000de400000)
  to   space 15872K, 0% used [0x00000000e0680000,0x00000000e0680000,0x00000000e1600000)
 ParOldGen       total 61952K, used 27643K [0x0000000081600000, 0x0000000085280000, 0x00000000d5d00000)
  object space 61952K, 44% used [0x0000000081600000,0x00000000830fecc0,0x0000000085280000)
 Metaspace       used 34804K, capacity 35302K, committed 35456K, reserved 1079296K
  class space    used 4533K, capacity 4684K, committed 4736K, reserved 1048576K
}

