# JRE version: Java(TM) SE Runtime Environment (8.0_131-b11) (build 1.8.0_131-b11)
# Java VM: Java HotSpot(TM) 64-Bit Server VM (25.131-b11 mixed mode windows-amd64 compressed oops)
Heap:
 PSYoungGen      total 84992K, used 22369K [0x00000000d5d00000, 0x00000000de200000, 0x0000000100000000)
  eden space 69632K, 10% used [0x00000000d5d00000,0x00000000d63db408,0x00000000da100000)
  from space 15360K, 99% used [0x00000000da100000,0x00000000daffd0c8,0x00000000db000000)
  to   space 20480K, 0% used [0x00000000dce00000,0x00000000dce00000,0x00000000de200000)
 ParOldGen       total 66048K, used 30744K [0x0000000081600000, 0x0000000085680000, 0x00000000d5d00000)
  object space 66048K, 46% used [0x0000000081600000,0x0000000083406068,0x0000000085680000)
 Metaspace       used 43956K, capacity 44634K, committed 45056K, reserved 1089536K
  class space    used 5615K, capacity 5790K, committed 5888K, reserved 1048576K
GC Heap History (10 events):
Event: 3.562 GC heap before
{Heap before GC invocations=5 (full 1):
 PSYoungGen      total 38400K, used 33280K [0x00000000d5d00000, 0x00000000da800000, 0x0000000100000000)
  eden space 33280K, 100% used [0x00000000d5d00000,0x00000000d7d80000,0x00000000d7d80000)
  from space 5120K, 0% used [0x00000000d7d80000,0x00000000d7d80000,0x00000000d8280000)
  to   space 5120K, 0% used [0x00000000da300000,0x00000000da300000,0x00000000da800000)
 ParOldGen       total 66048K, used 8435K [0x0000000081600000, 0x0000000085680000, 0x00000000d5d00000)
  object space 66048K, 12% used [0x0000000081600000,0x0000000081e3cd88,0x0000000085680000)
 Metaspace       used 23940K, capacity 24430K, committed 24704K, reserved 1071104K
  class space    used 2956K, capacity 3089K, committed 3200K, reserved 1048576K
Event: 3.582 GC heap after
Heap after GC invocations=5 (full 1):
 PSYoungGen      total 53248K, used 5098K [0x00000000d5d00000, 0x00000000da800000, 0x0000000100000000)
  eden space 48128K, 0% used [0x00000000d5d00000,0x00000000d5d00000,0x00000000d8c00000)
  from space 5120K, 99% used [0x00000000da300000,0x00000000da7faa18,0x00000000da800000)
  to   space 5120K, 0% used [0x00000000d9e00000,0x00000000d9e00000,0x00000000da300000)
 ParOldGen       total 66048K, used 10535K [0x0000000081600000, 0x0000000085680000, 0x00000000d5d00000)
  object space 66048K, 15% used [0x0000000081600000,0x0000000082049c38,0x0000000085680000)
 Metaspace       used 23940K, capacity 24430K, committed 24704K, reserved 1071104K
  class space    used 2956K, capacity 3089K, committed 3200K, reserved 1048576K
}
Event: 4.971 GC heap before
{Heap before GC invocations=6 (full 1):
 PSYoungGen      total 53248K, used 53226K [0x00000000d5d00000, 0x00000000da800000, 0x0000000100000000)
  eden space 48128K, 100% used [0x00000000d5d00000,0x00000000d8c00000,0x00000000d8c00000)
  from space 5120K, 99% used [0x00000000da300000,0x00000000da7faa18,0x00000000da800000)
  to   space 5120K, 0% used [0x00000000d9e00000,0x00000000d9e00000,0x00000000da300000)
 ParOldGen       total 66048K, used 10535K [0x0000000081600000, 0x0000000085680000, 0x00000000d5d00000)
  object space 66048K, 15% used [0x0000000081600000,0x0000000082049c38,0x0000000085680000)
 Metaspace       used 31969K, capacity 32470K, committed 32768K, reserved 1077248K
  class space    used 4141K, capacity 4282K, committed 4352K, reserved 1048576K
Event: 4.991 GC heap after
Heap after GC invocations=6 (full 1):
 PSYoungGen      total 71680K, used 5090K [0x00000000d5d00000, 0x00000000dbf80000, 0x0000000100000000)
  eden space 66560K, 0% used [0x00000000d5d00000,0x00000000d5d00000,0x00000000d9e00000)
  from space 5120K, 99% used [0x00000000d9e00000,0x00000000da2f8908,0x00000000da300000)
  to   space 15872K, 0% used [0x00000000db000000,0x00000000db000000,0x00000000dbf80000)
 ParOldGen       total 66048K, used 22175K [0x0000000081600000, 0x0000000085680000, 0x00000000d5d00000)
  object space 66048K, 33% used [0x0000000081600000,0x0000000082ba7f98,0x0000000085680000)
 Metaspace       used 31969K, capacity 32470K, committed 32768K, reserved 1077248K
  class space    used 4141K, capacity 4282K, committed 4352K, reserved 1048576K
}
Event: 5.520 GC heap before
{Heap before GC invocations=7 (full 1):
 PSYoungGen      total 71680K, used 18452K [0x00000000d5d00000, 0x00000000dbf80000, 0x0000000100000000)
  eden space 66560K, 20% used [0x00000000d5d00000,0x00000000d6a0c7c0,0x00000000d9e00000)
  from space 5120K, 99% used [0x00000000d9e00000,0x00000000da2f8908,0x00000000da300000)
  to   space 15872K, 0% used [0x00000000db000000,0x00000000db000000,0x00000000dbf80000)
 ParOldGen       total 66048K, used 22175K [0x0000000081600000, 0x0000000085680000, 0x00000000d5d00000)
  object space 66048K, 33% used [0x0000000081600000,0x0000000082ba7f98,0x0000000085680000)
 Metaspace       used 34792K, capacity 35302K, committed 35456K, reserved 1079296K
  class space    used 4544K, capacity 4684K, committed 4736K, reserved 1048576K
Event: 5.533 GC heap after
Heap after GC invocations=7 (full 1):
 PSYoungGen      total 85504K, used 8344K [0x00000000d5d00000, 0x00000000dda00000, 0x0000000100000000)
  eden space 69632K, 0% used [0x00000000d5d00000,0x00000000d5d00000,0x00000000da100000)
  from space 15872K, 52% used [0x00000000db000000,0x00000000db826140,0x00000000dbf80000)
  to   space 15360K, 0% used [0x00000000da100000,0x00000000da100000,0x00000000db000000)
 ParOldGen       total 66048K, used 22183K [0x0000000081600000, 0x0000000085680000, 0x00000000d5d00000)
  object space 66048K, 33% used [0x0000000081600000,0x0000000082ba9f98,0x0000000085680000)
 Metaspace       used 34792K, capacity 35302K, committed 35456K, reserved 1079296K
  class space    used 4544K, capacity 4684K, committed 4736K, reserved 1048576K
}
Event: 5.533 GC heap before
{Heap before GC invocations=8 (full 2):
 PSYoungGen      total 85504K, used 8344K [0x00000000d5d00000, 0x00000000dda00000, 0x0000000100000000)
  eden space 69632K, 0% used [0x00000000d5d00000,0x00000000d5d00000,0x00000000da100000)
  from space 15872K, 52% used [0x00000000db000000,0x00000000db826140,0x00000000dbf80000)
  to   space 15360K, 0% used [0x00000000da100000,0x00000000da100000,0x00000000db000000)
 ParOldGen       total 66048K, used 22183K [0x0000000081600000, 0x0000000085680000, 0x00000000d5d00000)
  object space 66048K, 33% used [0x0000000081600000,0x0000000082ba9f98,0x0000000085680000)
 Metaspace       used 34792K, capacity 35302K, committed 35456K, reserved 1079296K
  class space    used 4544K, capacity 4684K, committed 4736K, reserved 1048576K
Event: 5.646 GC heap after
Heap after GC invocations=8 (full 2):
 PSYoungGen      total 85504K, used 0K [0x00000000d5d00000, 0x00000000dda00000, 0x0000000100000000)
  eden space 69632K, 0% used [0x00000000d5d00000,0x00000000d5d00000,0x00000000da100000)
  from space 15872K, 0% used [0x00000000db000000,0x00000000db000000,0x00000000dbf80000)
  to   space 15360K, 0% used [0x00000000da100000,0x00000000da100000,0x00000000db000000)
 ParOldGen       total 66048K, used 25042K [0x0000000081600000, 0x0000000085680000, 0x00000000d5d00000)
  object space 66048K, 37% used [0x0000000081600000,0x0000000082e74b68,0x0000000085680000)
 Metaspace       used 34792K, capacity 35302K, committed 35456K, reserved 1079296K
  class space    used 4544K, capacity 4684K, committed 4736K, reserved 1048576K
}
Event: 8.769 GC heap before
{Heap before GC invocations=9 (full 2):
 PSYoungGen      total 85504K, used 69632K [0x00000000d5d00000, 0x00000000dda00000, 0x0000000100000000)
  eden space 69632K, 100% used [0x00000000d5d00000,0x00000000da100000,0x00000000da100000)
  from space 15872K, 0% used [0x00000000db000000,0x00000000db000000,0x00000000dbf80000)
  to   space 15360K, 0% used [0x00000000da100000,0x00000000da100000,0x00000000db000000)
 ParOldGen       total 66048K, used 25042K [0x0000000081600000, 0x0000000085680000, 0x00000000d5d00000)
  object space 66048K, 37% used [0x0000000081600000,0x0000000082e74b68,0x0000000085680000)
 Metaspace       used 43178K, capacity 43894K, committed 44160K, reserved 1087488K
  class space    used 5528K, capacity 5718K, committed 5760K, reserved 1048576K
Event: 8.813 GC heap after
Heap after GC invocations=9 (full 2):
 PSYoungGen      total 84992K, used 15348K [0x00000000d5d00000, 0x00000000de200000, 0x0000000100000000)
  eden space 69632K, 0% used [0x00000000d5d00000,0x00000000d5d00000,0x00000000da100000)
  from space 15360K, 99% used [0x00000000da100000,0x00000000daffd0c8,0x00000000db000000)
  to   space 20480K, 0% used [0x00000000dce00000,0x00000000dce00000,0x00000000de200000)
 ParOldGen       total 66048K, used 30744K [0x0000000081600000, 0x0000000085680000, 0x00000000d5d00000)
  object space 66048K, 46% used [0x0000000081600000,0x0000000083406068,0x0000000085680000)
 Metaspace       used 43178K, capacity 43894K, committed 44160K, reserved 1087488K
  class space    used 5528K, capacity 5718K, committed 5760K, reserved 1048576K
}

